2021-10-19 15:42:27 INFO   === Meteorologia para os próximos cinco dias === 
2021-10-19 15:42:27 INFO   ================================================ 
2021-10-19 15:42:27 INFO                          Hoje                
2021-10-19 15:42:27 INFO  Temperatura mínima: 16.3ºC
2021-10-19 15:42:27 INFO  Temperatura máxima: 27.6ºC
2021-10-19 15:42:27 INFO  Direção vento: S
2021-10-19 15:42:27 INFO  Probabilidade de precipitação: 0.0%
2021-10-19 15:42:27 INFO   ================================================ 
2021-10-19 15:42:27 INFO                          Amanhã                
2021-10-19 15:42:27 INFO  Temperatura mínima: 15.9ºC
2021-10-19 15:42:27 INFO  Temperatura máxima: 21.1ºC
2021-10-19 15:42:27 INFO  Direção vento: NW
2021-10-19 15:42:27 INFO  Probabilidade de precipitação: 100.0%
2021-10-19 15:42:27 INFO   ================================================ 
2021-10-19 15:42:27 INFO                          3º dia                
2021-10-19 15:42:27 INFO  Temperatura mínima: 13.1ºC
2021-10-19 15:42:27 INFO  Temperatura máxima: 18.5ºC
2021-10-19 15:42:27 INFO  Direção vento: N
2021-10-19 15:42:27 INFO  Probabilidade de precipitação: 0.0%
2021-10-19 15:42:27 INFO   ================================================ 
2021-10-19 15:42:27 INFO                          4º dia                
2021-10-19 15:42:27 INFO  Temperatura mínima: 10.9ºC
2021-10-19 15:42:27 INFO  Temperatura máxima: 20.4ºC
2021-10-19 15:42:27 INFO  Direção vento: N
2021-10-19 15:42:27 INFO  Probabilidade de precipitação: 0.0%
2021-10-19 15:42:27 INFO   ================================================ 
2021-10-19 15:42:27 INFO                          5º dia                
2021-10-19 15:42:27 INFO  Temperatura mínima: 10.4ºC
2021-10-19 15:42:27 INFO  Temperatura máxima: 21.0ºC
2021-10-19 15:42:27 INFO  Direção vento: NW
2021-10-19 15:42:27 INFO  Probabilidade de precipitação: 0.0%
2021-10-19 15:42:35 INFO   === Meteorologia para os próximos cinco dias === 
2021-10-19 15:42:35 INFO   ================================================ 
2021-10-19 15:42:35 INFO                          Hoje                
2021-10-19 15:42:35 INFO  Temperatura mínima: 18.0ºC
2021-10-19 15:42:35 INFO  Temperatura máxima: 29.4ºC
2021-10-19 15:42:35 INFO  Direção vento: SE
2021-10-19 15:42:35 INFO  Probabilidade de precipitação: 0.0%
2021-10-19 15:42:35 INFO   ================================================ 
2021-10-19 15:42:35 INFO                          Amanhã                
2021-10-19 15:42:35 INFO  Temperatura mínima: 16.0ºC
2021-10-19 15:42:35 INFO  Temperatura máxima: 27.5ºC
2021-10-19 15:42:35 INFO  Direção vento: NW
2021-10-19 15:42:35 INFO  Probabilidade de precipitação: 0.0%
2021-10-19 15:42:35 INFO   ================================================ 
2021-10-19 15:42:35 INFO                          3º dia                
2021-10-19 15:42:35 INFO  Temperatura mínima: 12.6ºC
2021-10-19 15:42:35 INFO  Temperatura máxima: 23.6ºC
2021-10-19 15:42:35 INFO  Direção vento: NW
2021-10-19 15:42:35 INFO  Probabilidade de precipitação: 0.0%
2021-10-19 15:42:35 INFO   ================================================ 
2021-10-19 15:42:35 INFO                          4º dia                
2021-10-19 15:42:35 INFO  Temperatura mínima: 11.2ºC
2021-10-19 15:42:35 INFO  Temperatura máxima: 24.2ºC
2021-10-19 15:42:35 INFO  Direção vento: NE
2021-10-19 15:42:35 INFO  Probabilidade de precipitação: 0.0%
2021-10-19 15:42:35 INFO   ================================================ 
2021-10-19 15:42:35 INFO                          5º dia                
2021-10-19 15:42:35 INFO  Temperatura mínima: 11.2ºC
2021-10-19 15:42:35 INFO  Temperatura máxima: 25.0ºC
2021-10-19 15:42:35 INFO  Direção vento: NW
2021-10-19 15:42:35 INFO  Probabilidade de precipitação: 0.0%
2021-10-19 15:42:41 INFO   === Meteorologia para os próximos cinco dias === 
2021-10-19 15:42:41 INFO   ================================================ 
2021-10-19 15:42:41 INFO                          Hoje                
2021-10-19 15:42:41 INFO  Temperatura mínima: 12.8ºC
2021-10-19 15:42:41 INFO  Temperatura máxima: 27.9ºC
2021-10-19 15:42:41 INFO  Direção vento: S
2021-10-19 15:42:41 INFO  Probabilidade de precipitação: 0.0%
2021-10-19 15:42:41 INFO   ================================================ 
2021-10-19 15:42:41 INFO                          Amanhã                
2021-10-19 15:42:41 INFO  Temperatura mínima: 13.6ºC
2021-10-19 15:42:41 INFO  Temperatura máxima: 21.4ºC
2021-10-19 15:42:41 INFO  Direção vento: W
2021-10-19 15:42:41 INFO  Probabilidade de precipitação: 100.0%
2021-10-19 15:42:41 INFO   ================================================ 
2021-10-19 15:42:41 INFO                          3º dia                
2021-10-19 15:42:41 INFO  Temperatura mínima: 10.2ºC
2021-10-19 15:42:41 INFO  Temperatura máxima: 18.8ºC
2021-10-19 15:42:41 INFO  Direção vento: N
2021-10-19 15:42:41 INFO  Probabilidade de precipitação: 3.0%
2021-10-19 15:42:41 INFO   ================================================ 
2021-10-19 15:42:41 INFO                          4º dia                
2021-10-19 15:42:41 INFO  Temperatura mínima: 7.5ºC
2021-10-19 15:42:41 INFO  Temperatura máxima: 21.6ºC
2021-10-19 15:42:41 INFO  Direção vento: NE
2021-10-19 15:42:41 INFO  Probabilidade de precipitação: 0.0%
2021-10-19 15:42:41 INFO   ================================================ 
2021-10-19 15:42:41 INFO                          5º dia                
2021-10-19 15:42:41 INFO  Temperatura mínima: 8.3ºC
2021-10-19 15:42:41 INFO  Temperatura máxima: 21.7ºC
2021-10-19 15:42:41 INFO  Direção vento: E
2021-10-19 15:42:41 INFO  Probabilidade de precipitação: 0.0%
